{
  "RSpec": {
    "coverage": {
      "C:/Sites/hallinta/app/models/user.rb": [
        1,
        1,
        1,
        1,
        null,
        1,
        1,
        1,
        1,
        1,
        null,
        1,
        1,
        null,
        1,
        20,
        19,
        19,
        null,
        null,
        null,
        1,
        20,
        null,
        null,
        1,
        67,
        67,
        67,
        null,
        null,
        null,
        null,
        null,
        1,
        1,
        null,
        null
      ],
      "C:/Sites/hallinta/app/helpers/agreements_helper.rb": [
        1,
        null
      ],
      "C:/Sites/hallinta/app/helpers/application_helper.rb": [
        1,
        null
      ],
      "C:/Sites/hallinta/app/helpers/companies_helper.rb": [
        1,
        null
      ],
      "C:/Sites/hallinta/app/helpers/company_types_helper.rb": [
        1,
        null
      ],
      "C:/Sites/hallinta/app/helpers/contact_people_helper.rb": [
        1,
        null
      ],
      "C:/Sites/hallinta/app/helpers/customers_helper.rb": [
        1,
        null
      ],
      "C:/Sites/hallinta/app/helpers/device_in_agreements_helper.rb": [
        1,
        null
      ],
      "C:/Sites/hallinta/app/helpers/device_types_helper.rb": [
        1,
        null
      ],
      "C:/Sites/hallinta/app/helpers/devices_helper.rb": [
        1,
        null
      ],
      "C:/Sites/hallinta/app/helpers/other_billing_in_agreements_helper.rb": [
        1,
        null
      ],
      "C:/Sites/hallinta/app/helpers/restaurant_evaluation_types_helper.rb": [
        1,
        null
      ],
      "C:/Sites/hallinta/app/helpers/restaurant_evaluations_helper.rb": [
        1,
        null
      ],
      "C:/Sites/hallinta/app/helpers/restaurant_types_helper.rb": [
        1,
        null
      ],
      "C:/Sites/hallinta/app/helpers/restaurants_helper.rb": [
        1,
        null
      ],
      "C:/Sites/hallinta/app/helpers/roles_helper.rb": [
        1,
        null
      ],
      "C:/Sites/hallinta/app/helpers/sessions_helper.rb": [
        1,
        null
      ],
      "C:/Sites/hallinta/app/helpers/settings_helper.rb": [
        1,
        null
      ],
      "C:/Sites/hallinta/app/helpers/software_in_agreements_helper.rb": [
        1,
        null
      ],
      "C:/Sites/hallinta/app/helpers/softwares_helper.rb": [
        1,
        null
      ],
      "C:/Sites/hallinta/app/helpers/users_helper.rb": [
        1,
        null
      ],
      "C:/Sites/hallinta/app/controllers/agreements_controller.rb": [
        1,
        1,
        1,
        null,
        null,
        null,
        1,
        18,
        null,
        null,
        null,
        null,
        1,
        8,
        8,
        null,
        8,
        8,
        8,
        null,
        8,
        8,
        8,
        null,
        null,
        null,
        1,
        3,
        null,
        null,
        null,
        1,
        null,
        null,
        null,
        null,
        1,
        7,
        7,
        null,
        7,
        7,
        8,
        4,
        null,
        6,
        3,
        null,
        null,
        null,
        null,
        null,
        null,
        1,
        5,
        5,
        10,
        5,
        null,
        0,
        0,
        null,
        null,
        null,
        null,
        null,
        null,
        1,
        2,
        2,
        4,
        2,
        null,
        null,
        null,
        1,
        null,
        1,
        17,
        null,
        null,
        null,
        1,
        12,
        null,
        null,
        1,
        12,
        12,
        null,
        null
      ],
      "C:/Sites/hallinta/app/controllers/application_controller.rb": [
        1,
        null,
        null,
        1,
        null,
        1,
        null,
        1,
        1,
        null,
        1,
        637,
        320,
        null,
        317,
        317,
        null,
        637,
        null,
        null,
        1,
        null,
        1,
        1029,
        null,
        null,
        1,
        29,
        null,
        null,
        1,
        586,
        null,
        null,
        1,
        11,
        null,
        null
      ],
      "C:/Sites/hallinta/app/controllers/companies_controller.rb": [
        1,
        1,
        1,
        null,
        null,
        1,
        70,
        null,
        null,
        null,
        null,
        1,
        2,
        2,
        2,
        null,
        null,
        null,
        1,
        3,
        null,
        null,
        null,
        1,
        null,
        null,
        null,
        null,
        1,
        6,
        6,
        6,
        6,
        6,
        6,
        3,
        null,
        6,
        3,
        null,
        null,
        null,
        null,
        null,
        null,
        1,
        5,
        5,
        5,
        10,
        5,
        null,
        0,
        0,
        null,
        null,
        null,
        null,
        null,
        null,
        1,
        2,
        2,
        4,
        2,
        null,
        null,
        null,
        1,
        null,
        1,
        11,
        null,
        null,
        1,
        18,
        null,
        null,
        null,
        1,
        11,
        null,
        null
      ],
      "C:/Sites/hallinta/app/controllers/company_types_controller.rb": [
        1,
        1,
        null,
        null,
        null,
        1,
        6,
        null,
        null,
        null,
        null,
        1,
        3,
        null,
        null,
        null,
        1,
        2,
        null,
        null,
        null,
        1,
        null,
        null,
        null,
        null,
        1,
        6,
        null,
        4,
        4,
        8,
        4,
        null,
        0,
        0,
        null,
        null,
        null,
        null,
        null,
        null,
        1,
        5,
        5,
        6,
        3,
        null,
        0,
        0,
        null,
        null,
        null,
        null,
        null,
        null,
        1,
        2,
        2,
        4,
        2,
        null,
        null,
        null,
        1,
        null,
        1,
        12,
        null,
        null,
        null,
        1,
        11,
        null,
        null
      ],
      "C:/Sites/hallinta/app/controllers/contact_people_controller.rb": [
        1,
        1,
        null,
        null,
        1,
        2,
        null,
        null,
        null,
        null,
        1,
        null,
        null,
        null,
        1,
        2,
        2,
        2,
        null,
        null,
        null,
        1,
        null,
        null,
        null,
        null,
        1,
        4,
        null,
        4,
        4,
        4,
        6,
        null,
        2,
        null,
        4,
        null,
        0,
        0,
        null,
        null,
        null,
        null,
        null,
        null,
        1,
        3,
        3,
        6,
        3,
        null,
        0,
        0,
        null,
        null,
        null,
        null,
        null,
        null,
        1,
        2,
        2,
        4,
        2,
        null,
        null,
        null,
        1,
        null,
        1,
        10,
        null,
        null,
        null,
        1,
        7,
        null,
        null
      ],
      "C:/Sites/hallinta/app/controllers/customers_controller.rb": [
        1,
        1,
        1,
        null,
        null,
        1,
        2,
        null,
        null,
        null,
        null,
        1,
        null,
        null,
        null,
        1,
        2,
        2,
        2,
        null,
        null,
        null,
        1,
        2,
        0,
        null,
        null,
        null,
        null,
        null,
        1,
        6,
        null,
        6,
        6,
        8,
        4,
        null,
        4,
        2,
        null,
        null,
        null,
        null,
        null,
        null,
        1,
        5,
        5,
        10,
        5,
        null,
        0,
        0,
        null,
        null,
        null,
        null,
        null,
        null,
        1,
        2,
        2,
        4,
        2,
        null,
        null,
        null,
        1,
        null,
        1,
        12,
        null,
        null,
        null,
        1,
        11,
        null,
        null,
        1,
        11,
        null,
        null
      ],
      "C:/Sites/hallinta/app/controllers/device_in_agreements_controller.rb": [
        1,
        1,
        1,
        null,
        null,
        1,
        1,
        null,
        null,
        null,
        null,
        1,
        null,
        null,
        null,
        1,
        2,
        null,
        null,
        null,
        1,
        null,
        null,
        null,
        null,
        1,
        7,
        7,
        7,
        7,
        6,
        3,
        null,
        8,
        4,
        null,
        null,
        null,
        null,
        null,
        null,
        1,
        5,
        5,
        5,
        10,
        5,
        null,
        0,
        0,
        null,
        null,
        null,
        null,
        null,
        null,
        1,
        2,
        2,
        2,
        4,
        2,
        null,
        null,
        null,
        1,
        null,
        1,
        10,
        null,
        null,
        null,
        1,
        12,
        null,
        null,
        1,
        16,
        null,
        null
      ],
      "C:/Sites/hallinta/app/controllers/device_types_controller.rb": [
        1,
        1,
        null,
        null,
        null,
        1,
        6,
        null,
        null,
        null,
        null,
        1,
        3,
        null,
        null,
        null,
        1,
        2,
        2,
        null,
        null,
        null,
        1,
        null,
        null,
        null,
        null,
        1,
        6,
        null,
        4,
        4,
        8,
        4,
        null,
        0,
        0,
        null,
        null,
        null,
        null,
        null,
        null,
        1,
        5,
        5,
        6,
        3,
        null,
        0,
        0,
        null,
        null,
        null,
        null,
        null,
        null,
        1,
        2,
        2,
        4,
        2,
        null,
        null,
        null,
        1,
        null,
        1,
        12,
        null,
        null,
        null,
        1,
        11,
        null,
        null
      ],
      "C:/Sites/hallinta/app/controllers/devices_controller.rb": [
        1,
        1,
        1,
        null,
        null,
        1,
        7,
        null,
        null,
        null,
        null,
        1,
        null,
        null,
        null,
        1,
        2,
        null,
        null,
        null,
        1,
        null,
        null,
        null,
        null,
        1,
        6,
        null,
        6,
        6,
        6,
        3,
        null,
        6,
        3,
        null,
        null,
        null,
        null,
        null,
        null,
        1,
        5,
        5,
        10,
        5,
        null,
        0,
        0,
        null,
        null,
        null,
        null,
        null,
        null,
        1,
        2,
        2,
        4,
        2,
        null,
        null,
        null,
        1,
        null,
        1,
        11,
        null,
        null,
        null,
        1,
        11,
        null,
        null,
        1,
        10,
        null,
        null
      ],
      "C:/Sites/hallinta/app/controllers/other_billing_in_agreements_controller.rb": [
        1,
        1,
        null,
        null,
        null,
        1,
        1,
        null,
        null,
        null,
        null,
        1,
        null,
        null,
        null,
        1,
        1,
        null,
        null,
        null,
        1,
        null,
        null,
        null,
        null,
        1,
        5,
        null,
        5,
        5,
        10,
        5,
        null,
        0,
        0,
        null,
        null,
        null,
        null,
        null,
        null,
        1,
        4,
        4,
        8,
        4,
        null,
        0,
        0,
        null,
        null,
        null,
        null,
        null,
        null,
        1,
        2,
        2,
        4,
        2,
        null,
        null,
        null,
        1,
        null,
        1,
        8,
        null,
        null,
        null,
        1,
        9,
        null,
        null
      ],
      "C:/Sites/hallinta/app/controllers/restaurant_evaluation_types_controller.rb": [
        1,
        1,
        null,
        null,
        null,
        1,
        3,
        null,
        null,
        null,
        null,
        1,
        3,
        null,
        null,
        null,
        1,
        2,
        null,
        null,
        null,
        1,
        null,
        null,
        null,
        null,
        1,
        6,
        null,
        6,
        6,
        12,
        6,
        null,
        0,
        0,
        null,
        null,
        null,
        null,
        null,
        null,
        1,
        5,
        5,
        10,
        5,
        null,
        0,
        0,
        null,
        null,
        null,
        null,
        null,
        null,
        1,
        2,
        2,
        4,
        2,
        null,
        null,
        null,
        1,
        null,
        1,
        12,
        null,
        null,
        null,
        1,
        11,
        null,
        null
      ],
      "C:/Sites/hallinta/app/controllers/restaurant_evaluations_controller.rb": [
        1,
        1,
        1,
        null,
        null,
        1,
        2,
        null,
        null,
        null,
        null,
        1,
        null,
        null,
        null,
        1,
        4,
        4,
        null,
        null,
        null,
        1,
        null,
        null,
        null,
        null,
        1,
        7,
        7,
        5,
        5,
        5,
        10,
        5,
        null,
        0,
        0,
        null,
        null,
        null,
        null,
        null,
        null,
        1,
        5,
        5,
        10,
        5,
        null,
        0,
        0,
        null,
        null,
        null,
        null,
        null,
        null,
        1,
        2,
        2,
        4,
        2,
        null,
        null,
        null,
        1,
        null,
        1,
        11,
        null,
        null,
        null,
        1,
        19,
        null,
        null,
        1,
        13,
        null,
        null
      ],
      "C:/Sites/hallinta/app/controllers/restaurant_types_controller.rb": [
        1,
        1,
        null,
        null,
        null,
        1,
        3,
        null,
        null,
        null,
        null,
        1,
        3,
        null,
        null,
        null,
        1,
        2,
        null,
        null,
        null,
        1,
        null,
        null,
        null,
        null,
        1,
        6,
        null,
        6,
        6,
        12,
        6,
        null,
        0,
        0,
        null,
        null,
        null,
        null,
        null,
        null,
        1,
        5,
        5,
        10,
        5,
        null,
        0,
        0,
        null,
        null,
        null,
        null,
        null,
        null,
        1,
        2,
        2,
        4,
        2,
        null,
        null,
        null,
        1,
        null,
        1,
        12,
        null,
        null,
        null,
        1,
        11,
        null,
        null
      ],
      "C:/Sites/hallinta/app/controllers/restaurants_controller.rb": [
        1,
        1,
        1,
        null,
        null,
        null,
        1,
        3,
        null,
        null,
        null,
        null,
        1,
        3,
        3,
        3,
        null,
        3,
        3,
        3,
        null,
        0,
        null,
        null,
        null,
        null,
        1,
        2,
        2,
        null,
        null,
        null,
        1,
        null,
        null,
        null,
        null,
        1,
        6,
        null,
        6,
        6,
        6,
        3,
        null,
        6,
        3,
        null,
        null,
        null,
        null,
        null,
        null,
        1,
        5,
        5,
        6,
        3,
        null,
        4,
        2,
        null,
        null,
        null,
        null,
        null,
        null,
        1,
        2,
        2,
        4,
        2,
        null,
        null,
        null,
        1,
        null,
        1,
        12,
        null,
        null,
        1,
        18,
        18,
        null,
        null,
        null,
        1,
        11,
        null,
        null
      ],
      "C:/Sites/hallinta/app/controllers/roles_controller.rb": [
        1,
        1,
        null,
        null,
        null,
        1,
        3,
        null,
        null,
        null,
        null,
        1,
        null,
        null,
        null,
        1,
        2,
        null,
        null,
        null,
        1,
        null,
        null,
        null,
        null,
        1,
        6,
        null,
        6,
        6,
        12,
        6,
        null,
        0,
        0,
        null,
        null,
        null,
        null,
        null,
        null,
        1,
        5,
        5,
        10,
        5,
        null,
        0,
        0,
        null,
        null,
        null,
        null,
        null,
        null,
        1,
        2,
        2,
        4,
        2,
        null,
        null,
        null,
        1,
        null,
        1,
        12,
        null,
        null,
        null,
        1,
        11,
        null,
        null
      ],
      "C:/Sites/hallinta/app/controllers/sessions_controller.rb": [
        1,
        1,
        null,
        1,
        null,
        null,
        1,
        67,
        67,
        67,
        67,
        null,
        0,
        0,
        null,
        null,
        null,
        1,
        0,
        0,
        null,
        null
      ],
      "C:/Sites/hallinta/app/controllers/settings_controller.rb": [
        1,
        1,
        null,
        null,
        null,
        1,
        1,
        1,
        1,
        1,
        null,
        null
      ],
      "C:/Sites/hallinta/app/controllers/software_in_agreements_controller.rb": [
        1,
        1,
        1,
        null,
        null,
        1,
        1,
        null,
        null,
        null,
        null,
        1,
        null,
        null,
        null,
        1,
        2,
        null,
        null,
        null,
        1,
        null,
        null,
        null,
        null,
        1,
        7,
        7,
        7,
        7,
        6,
        3,
        null,
        8,
        4,
        null,
        null,
        null,
        null,
        null,
        null,
        1,
        5,
        5,
        5,
        10,
        5,
        null,
        0,
        0,
        null,
        null,
        null,
        null,
        null,
        null,
        1,
        2,
        2,
        2,
        4,
        2,
        null,
        null,
        null,
        1,
        null,
        1,
        10,
        null,
        null,
        null,
        1,
        12,
        null,
        null,
        1,
        16,
        null,
        null,
        null
      ],
      "C:/Sites/hallinta/app/controllers/softwares_controller.rb": [
        1,
        1,
        null,
        null,
        null,
        1,
        4,
        null,
        null,
        null,
        null,
        1,
        null,
        null,
        null,
        1,
        3,
        null,
        null,
        null,
        1,
        null,
        null,
        null,
        null,
        1,
        7,
        null,
        7,
        7,
        8,
        4,
        null,
        6,
        3,
        null,
        null,
        null,
        null,
        null,
        null,
        1,
        5,
        5,
        10,
        5,
        null,
        0,
        0,
        null,
        null,
        null,
        null,
        null,
        null,
        1,
        2,
        2,
        4,
        2,
        null,
        null,
        null,
        1,
        null,
        1,
        12,
        null,
        null,
        null,
        1,
        12,
        null,
        null
      ],
      "C:/Sites/hallinta/app/controllers/users_controller.rb": [
        1,
        1,
        1,
        1,
        null,
        null,
        null,
        1,
        2,
        null,
        null,
        null,
        null,
        1,
        3,
        3,
        null,
        null,
        null,
        1,
        3,
        null,
        null,
        null,
        1,
        null,
        null,
        null,
        null,
        1,
        6,
        6,
        6,
        6,
        3,
        null,
        6,
        3,
        null,
        null,
        null,
        null,
        null,
        null,
        1,
        5,
        5,
        6,
        3,
        null,
        4,
        2,
        null,
        null,
        null,
        null,
        null,
        null,
        1,
        2,
        2,
        4,
        2,
        null,
        null,
        null,
        1,
        null,
        1,
        13,
        null,
        null,
        1,
        17,
        null,
        null,
        null,
        1,
        11,
        null,
        null
      ],
      "C:/Sites/hallinta/app/models/agreement.rb": [
        1,
        1,
        1,
        null,
        1,
        1,
        1,
        1,
        null,
        1,
        1,
        1,
        1,
        1,
        null
      ],
      "C:/Sites/hallinta/app/models/company.rb": [
        1,
        1,
        1,
        1,
        1,
        1,
        1,
        null
      ],
      "C:/Sites/hallinta/app/models/company_type.rb": [
        1,
        1,
        null
      ],
      "C:/Sites/hallinta/app/models/contact_person.rb": [
        1,
        1,
        1,
        null,
        1,
        1,
        1,
        null
      ],
      "C:/Sites/hallinta/app/models/customer.rb": [
        1,
        1,
        null,
        1,
        1,
        1,
        null
      ],
      "C:/Sites/hallinta/app/models/device_in_agreement.rb": [
        1,
        1,
        1,
        null,
        1,
        1,
        1,
        1,
        null
      ],
      "C:/Sites/hallinta/app/models/device.rb": [
        1,
        1,
        1,
        null,
        1,
        1,
        1,
        1,
        null
      ],
      "C:/Sites/hallinta/app/models/device_type.rb": [
        1,
        1,
        null
      ],
      "C:/Sites/hallinta/app/models/other_billing_in_agreement.rb": [
        1,
        null
      ],
      "C:/Sites/hallinta/app/models/restaurant_evaluation.rb": [
        1,
        1,
        1,
        1,
        1,
        null,
        1,
        1,
        1,
        1,
        null
      ],
      "C:/Sites/hallinta/app/models/restaurant_evaluation_type.rb": [
        1,
        1,
        null
      ],
      "C:/Sites/hallinta/app/models/restaurant.rb": [
        1,
        1,
        1,
        1,
        1,
        1,
        1,
        null,
        1,
        1,
        1,
        1,
        null
      ],
      "C:/Sites/hallinta/app/models/restaurant_type.rb": [
        1,
        1,
        null
      ],
      "C:/Sites/hallinta/app/models/role.rb": [
        1,
        1,
        null
      ],
      "C:/Sites/hallinta/app/models/software_in_agreement.rb": [
        1,
        1,
        1,
        null,
        1,
        1,
        1,
        null
      ],
      "C:/Sites/hallinta/app/models/software.rb": [
        1,
        1,
        null,
        1,
        1,
        null
      ]
    },
    "timestamp": 1463224176
  }
}
